64.0 APEX_CODE,FINEST;APEX_PROFILING,INFO;CALLOUT,INFO;DATA_ACCESS,INFO;DB,INFO;NBA,INFO;SYSTEM,DEBUG;VALIDATION,INFO;VISUALFORCE,FINER;WAVE,INFO;WORKFLOW,INFO
03:39:49.5 (5406689)|USER_INFO|[EXTERNAL]|005gL000004tq0U|ajayp9402351@agentforce.com|(GMT+05:30) India Standard Time (Asia/Kolkata)|GMT+05:30
03:39:49.5 (5471132)|EXECUTION_STARTED
03:39:49.5 (5501856)|CODE_UNIT_STARTED|[EXTERNAL]|01pgL000004QW8P|preventChangingPaymentsTest.testData()
03:39:49.5 (5788571)|HEAP_ALLOCATE|[93]|Bytes:3
03:39:49.5 (5905915)|HEAP_ALLOCATE|[98]|Bytes:152
03:39:49.5 (5925763)|HEAP_ALLOCATE|[415]|Bytes:408
03:39:49.5 (5943742)|HEAP_ALLOCATE|[428]|Bytes:408
03:39:49.5 (5959101)|HEAP_ALLOCATE|[536]|Bytes:48
03:39:49.5 (5985953)|HEAP_ALLOCATE|[247]|Bytes:6
03:39:49.5 (6000711)|HEAP_ALLOCATE|[EXTERNAL]|Bytes:44
03:39:49.5 (6015277)|METHOD_ENTRY|[2]|01pgL000004QW8P|preventChangingPaymentsTest.preventChangingPaymentsTest()
03:39:49.5 (6020817)|STATEMENT_EXECUTE|[2]
03:39:49.5 (6025307)|STATEMENT_EXECUTE|[2]
03:39:49.5 (6047936)|HEAP_ALLOCATE|[68]|Bytes:5
03:39:49.5 (6075263)|HEAP_ALLOCATE|[74]|Bytes:5
03:39:49.5 (6082273)|HEAP_ALLOCATE|[82]|Bytes:7
03:39:49.5 (6629911)|SYSTEM_MODE_ENTER|false
03:39:49.5 (6655877)|HEAP_ALLOCATE|[EXTERNAL]|Bytes:5
03:39:49.5 (6722000)|SYSTEM_MODE_EXIT|false
03:39:49.5 (6736077)|METHOD_EXIT|[2]|preventChangingPaymentsTest
03:39:49.5 (6796691)|SYSTEM_MODE_ENTER|false
03:39:49.5 (6801562)|HEAP_ALLOCATE|[8]|Bytes:5
03:39:49.5 (6806178)|STATEMENT_EXECUTE|[5]
03:39:49.5 (6808156)|STATEMENT_EXECUTE|[8]
03:39:49.5 (6885734)|HEAP_ALLOCATE|[8]|Bytes:4
03:39:49.5 (7041469)|VARIABLE_SCOPE_BEGIN|[8]|policyholder|Account|true|false
03:39:49.5 (7090542)|VARIABLE_ASSIGNMENT|[8]|policyholder|{}|0x6d9f8d7c
03:39:49.5 (7095989)|STATEMENT_EXECUTE|[9]
03:39:49.5 (7099670)|HEAP_ALLOCATE|[9]|Bytes:4
03:39:49.5 (7241943)|VARIABLE_ASSIGNMENT|[9]|this.FirstName|"Test"|0x6d9f8d7c
03:39:49.5 (7247438)|STATEMENT_EXECUTE|[10]
03:39:49.5 (7250050)|HEAP_ALLOCATE|[10]|Bytes:12
03:39:49.5 (7275109)|VARIABLE_ASSIGNMENT|[10]|this.LastName|"Policyholder"|0x6d9f8d7c
03:39:49.5 (7279911)|STATEMENT_EXECUTE|[11]
03:39:49.5 (7281654)|HEAP_ALLOCATE|[11]|Bytes:14
03:39:49.5 (7334670)|VARIABLE_ASSIGNMENT|[11]|this.Aadhaar_Number__c|"1010 2020 3030"|0x6d9f8d7c
03:39:49.5 (7339603)|STATEMENT_EXECUTE|[12]
03:39:49.5 (7341819)|HEAP_ALLOCATE|[12]|Bytes:10
03:39:49.5 (7363455)|VARIABLE_ASSIGNMENT|[12]|this.PAN_Number__c|"ACSPO0598K"|0x6d9f8d7c
03:39:49.5 (7368144)|STATEMENT_EXECUTE|[13]
03:39:49.5 (7407871)|HEAP_ALLOCATE|[13]|Bytes:8
03:39:49.5 (7435716)|DML_BEGIN|[13]|Op:Insert|Type:Account|Rows:1
03:39:49.5 (7476645)|HEAP_ALLOCATE|[EXTERNAL]|Bytes:8
03:39:49.5 (96793593)|CODE_UNIT_STARTED|[EXTERNAL]|01qgL000001WiTa|Installment_number on Account trigger event BeforeInsert|__sfdc_trigger/Installment_number
03:39:49.5 (96890062)|HEAP_ALLOCATE|[EXTERNAL]|Bytes:8
03:39:49.5 (97053074)|HEAP_ALLOCATE|[EXTERNAL]|Bytes:4
03:39:49.5 (97071093)|VARIABLE_SCOPE_BEGIN|[1]|this|Installment_number|true|false
03:39:49.5 (97127260)|VARIABLE_ASSIGNMENT|[1]|this|{}|0x79ec7950
03:39:49.5 (97176130)|HEAP_ALLOCATE|[EXTERNAL]|Bytes:4
03:39:49.5 (97183791)|VARIABLE_SCOPE_BEGIN|[1]|this|Installment_number|true|false
03:39:49.5 (97197556)|VARIABLE_ASSIGNMENT|[1]|this|{}|0x79ec7950
03:39:49.5 (97205388)|STATEMENT_EXECUTE|[1]
03:39:49.97 (97209274)|CUMULATIVE_LIMIT_USAGE
03:39:49.97 (97209274)|LIMIT_USAGE_FOR_NS|(default)|
  Number of SOQL queries: 0 out of 100
  Number of query rows: 0 out of 50000
  Number of SOSL queries: 0 out of 20
  Number of DML statements: 1 out of 150
  Number of Publish Immediate DML: 0 out of 150
  Number of DML rows: 1 out of 10000
  Maximum CPU time: 0 out of 10000
  Maximum heap size: 0 out of 6000000
  Number of callouts: 0 out of 100
  Number of Email Invocations: 0 out of 10
  Number of future calls: 0 out of 50
  Number of queueable jobs added to the queue: 0 out of 50
  Number of Mobile Apex push calls: 0 out of 10

03:39:49.97 (97209274)|CUMULATIVE_LIMIT_USAGE_END

03:39:49.5 (97439794)|CODE_UNIT_FINISHED|Installment_number on Account trigger event BeforeInsert|__sfdc_trigger/Installment_number
03:39:49.5 (128221484)|CODE_UNIT_STARTED|[EXTERNAL]|Validation:PersonAccount:new
03:39:49.5 (128244770)|VALIDATION_RULE|03dgL000000KpuP|Aadhar_Number_Validate
03:39:49.5 (128378684)|VALIDATION_FORMULA|NOT( REGEX( Aadhaar_Number__c ,"^[0-9]{4} [0-9]{4} [0-9]{4}$") )|Aadhaar_Number__c=1010 2020 3030
03:39:49.5 (128384443)|VALIDATION_PASS
03:39:49.5 (128385884)|VALIDATION_RULE|03dgL000000Kq2T|PAN_Number_Validation
03:39:49.5 (128449005)|VALIDATION_FORMULA|NOT(REGEX( PAN_Number__c, "^[A-Z]{5}[0-9]{4}[A-Z]$"))|PAN_Number__c=ACSPO0598K
03:39:49.5 (128454786)|VALIDATION_PASS
03:39:49.5 (128461502)|CODE_UNIT_FINISHED|Validation:PersonAccount:new
03:39:49.5 (267161303)|DML_END|[13]
03:39:49.5 (267323086)|STATEMENT_EXECUTE|[16]
03:39:49.5 (267391071)|HEAP_ALLOCATE|[16]|Bytes:4
03:39:49.5 (267571406)|VARIABLE_SCOPE_BEGIN|[16]|agentRec|Contact|true|false
03:39:49.5 (267606334)|VARIABLE_ASSIGNMENT|[16]|agentRec|{}|0x4614b239
03:39:49.5 (267611721)|STATEMENT_EXECUTE|[17]
03:39:49.5 (267740217)|VARIABLE_ASSIGNMENT|[17]|this.FirstName|"Test"|0x4614b239
03:39:49.5 (267746581)|STATEMENT_EXECUTE|[18]
03:39:49.5 (267753655)|HEAP_ALLOCATE|[18]|Bytes:5
03:39:49.5 (267782186)|VARIABLE_ASSIGNMENT|[18]|this.LastName|"Agent"|0x4614b239
03:39:49.5 (267786841)|STATEMENT_EXECUTE|[19]
03:39:49.5 (267826371)|HEAP_ALLOCATE|[19]|Bytes:8
03:39:49.5 (267856476)|DML_BEGIN|[19]|Op:Insert|Type:Contact|Rows:1
03:39:49.5 (267894610)|HEAP_ALLOCATE|[EXTERNAL]|Bytes:8
03:39:49.5 (301219465)|CODE_UNIT_STARTED|[EXTERNAL]|DuplicateDetector
03:39:49.5 (301243878)|DUPLICATE_DETECTION_BEGIN
03:39:49.5 (301362918)|DUPLICATE_DETECTION_RULE_INVOCATION|DuplicateRuleId:0BmgL000002T1Iw|DuplicateRuleName:Standard Contact Duplicate Rule|DmlType:INSERT
03:39:49.5 (576823915)|DUPLICATE_DETECTION_MATCH_INVOCATION_DETAILS|EntityType:Contact|ActionTaken:Allow_[Alert,Report]|DuplicateRecordIds:
03:39:49.5 (576836796)|DUPLICATE_DETECTION_MATCH_INVOCATION_SUMMARY|EntityType:Contact|NumRecordsToBeSaved:1|NumRecordsToBeSavedWithDuplicates:0|NumDuplicateRecordsFound:0
03:39:49.5 (576842035)|DUPLICATE_DETECTION_MATCH_INVOCATION_DETAILS|EntityType:Contact|ActionTaken:Allow_[Alert,Report]|DuplicateRecordIds:
03:39:49.5 (576844488)|DUPLICATE_DETECTION_MATCH_INVOCATION_SUMMARY|EntityType:Contact|NumRecordsToBeSaved:1|NumRecordsToBeSavedWithDuplicates:0|NumDuplicateRecordsFound:0
03:39:49.5 (576984962)|DUPLICATE_DETECTION_END
03:39:49.5 (576991615)|CODE_UNIT_FINISHED|DuplicateDetector
03:39:49.5 (616153886)|DML_END|[19]
03:39:49.5 (616312398)|STATEMENT_EXECUTE|[22]
03:39:49.5 (616323057)|HEAP_ALLOCATE|[22]|Bytes:69
03:39:49.5 (616365786)|HEAP_ALLOCATE|[22]|Bytes:4
03:39:49.5 (616692450)|SOQL_EXECUTE_BEGIN|[22]|Aggregations:0|SELECT Id, IsStandard FROM Pricebook2 WHERE IsStandard = TRUE LIMIT 1
03:39:49.5 (622502593)|SOQL_EXECUTE_END|[22]|Rows:0
03:39:49.5 (622540037)|HEAP_ALLOCATE|[22]|Bytes:4
03:39:49.5 (622566063)|HEAP_ALLOCATE|[22]|Bytes:0
03:39:49.5 (622741182)|HEAP_ALLOCATE|[22]|Bytes:4
03:39:49.5 (622761053)|VARIABLE_SCOPE_BEGIN|[22]|standardPricebook|List<Pricebook2>|true|false
03:39:49.5 (622787228)|VARIABLE_ASSIGNMENT|[22]|standardPricebook|[]|0x1bb6736d
03:39:49.5 (622791816)|STATEMENT_EXECUTE|[25]
03:39:49.5 (622816453)|HEAP_ALLOCATE|[25]|Bytes:4
03:39:49.5 (622918258)|VARIABLE_SCOPE_BEGIN|[25]|policyCategory|Pricebook2|true|false
03:39:49.5 (622932170)|VARIABLE_ASSIGNMENT|[25]|policyCategory|{}|0x65493108
03:39:49.5 (622935116)|STATEMENT_EXECUTE|[26]
03:39:49.5 (622939881)|HEAP_ALLOCATE|[26]|Bytes:27
03:39:49.5 (623058716)|VARIABLE_ASSIGNMENT|[26]|this.Name|"Test Policy Plan-10Y (7 more) ..."|0x65493108
03:39:49.5 (623064259)|STATEMENT_EXECUTE|[27]
03:39:49.5 (623091593)|VARIABLE_ASSIGNMENT|[27]|this.IsActive|true|0x65493108
03:39:49.5 (623095247)|STATEMENT_EXECUTE|[28]
03:39:49.5 (623123214)|HEAP_ALLOCATE|[28]|Bytes:8
03:39:49.5 (623154142)|DML_BEGIN|[28]|Op:Insert|Type:Pricebook2|Rows:1
03:39:49.5 (623186501)|HEAP_ALLOCATE|[EXTERNAL]|Bytes:8
03:39:49.5 (680938424)|DML_END|[28]
03:39:49.5 (681106294)|STATEMENT_EXECUTE|[31]
03:39:49.5 (681177555)|HEAP_ALLOCATE|[31]|Bytes:4
03:39:49.5 (681358032)|VARIABLE_SCOPE_BEGIN|[31]|policy|Product2|true|false
03:39:49.5 (681393326)|VARIABLE_ASSIGNMENT|[31]|policy|{}|0x329c2588
03:39:49.5 (681399058)|STATEMENT_EXECUTE|[32]
03:39:49.5 (681406548)|HEAP_ALLOCATE|[32]|Bytes:12
03:39:49.5 (681532767)|VARIABLE_ASSIGNMENT|[32]|this.Name|"Test Product"|0x329c2588
03:39:49.5 (681538862)|STATEMENT_EXECUTE|[33]
03:39:49.5 (681573295)|VARIABLE_ASSIGNMENT|[33]|this.IsActive|true|0x329c2588
03:39:49.5 (681578215)|STATEMENT_EXECUTE|[34]
03:39:49.5 (681580846)|HEAP_ALLOCATE|[34]|Bytes:6
03:39:49.5 (681604237)|VARIABLE_ASSIGNMENT|[34]|this.ProductCode|"tp_100"|0x329c2588
03:39:49.5 (681609261)|STATEMENT_EXECUTE|[35]
03:39:49.5 (681667310)|HEAP_ALLOCATE|[35]|Bytes:28
03:39:49.5 (681671267)|HEAP_ALLOCATE|[35]|Bytes:28
03:39:49.5 (681724887)|VARIABLE_ASSIGNMENT|[35]|this.Policy_Term_Range__c|10|0x329c2588
03:39:49.5 (681730526)|STATEMENT_EXECUTE|[36]
03:39:49.5 (681736776)|HEAP_ALLOCATE|[36]|Bytes:28
03:39:49.5 (681739850)|HEAP_ALLOCATE|[36]|Bytes:28
03:39:49.5 (681761794)|VARIABLE_ASSIGNMENT|[36]|this.Premium_Payment_Term__c|10|0x329c2588
03:39:49.5 (681767050)|STATEMENT_EXECUTE|[37]
03:39:49.5 (681769691)|HEAP_ALLOCATE|[37]|Bytes:6
03:39:49.5 (681794350)|VARIABLE_ASSIGNMENT|[37]|this.Premium_Payment_Type__c|"Yearly"|0x329c2588
03:39:49.5 (681801641)|STATEMENT_EXECUTE|[38]
03:39:49.5 (681807431)|HEAP_ALLOCATE|[38]|Bytes:28
03:39:49.5 (681827924)|VARIABLE_ASSIGNMENT|[38]|this.Sum_Assured__c|500000|0x329c2588
03:39:49.5 (681832888)|STATEMENT_EXECUTE|[39]
03:39:49.5 (681834972)|HEAP_ALLOCATE|[39]|Bytes:9
03:39:49.5 (681853052)|VARIABLE_ASSIGNMENT|[39]|this.Category__c|"Term Plan"|0x329c2588
03:39:49.5 (681858321)|STATEMENT_EXECUTE|[40]
03:39:49.5 (681898171)|HEAP_ALLOCATE|[40]|Bytes:8
03:39:49.5 (681932967)|DML_BEGIN|[40]|Op:Insert|Type:Product2|Rows:1
03:39:49.5 (681981804)|HEAP_ALLOCATE|[EXTERNAL]|Bytes:8
03:39:49.5 (750373396)|DML_END|[40]
03:39:49.5 (751634382)|STATEMENT_EXECUTE|[43]
03:39:49.5 (751722842)|HEAP_ALLOCATE|[43]|Bytes:4
03:39:49.5 (751908377)|VARIABLE_SCOPE_BEGIN|[43]|standardPricebookEntry|PricebookEntry|true|false
03:39:49.5 (751937691)|VARIABLE_ASSIGNMENT|[43]|standardPricebookEntry|{}|0x4398c9fd
03:39:49.5 (751942071)|STATEMENT_EXECUTE|[44]
03:39:49.5 (752118921)|VARIABLE_ASSIGNMENT|[44]|this.Product2Id|"01tgL000004ntibQAA"|0x4398c9fd
03:39:49.5 (752124243)|STATEMENT_EXECUTE|[45]
03:39:49.5 (752281542)|HEAP_ALLOCATE|[45]|Bytes:31
03:39:49.5 (752301523)|SYSTEM_MODE_EXIT|false
03:39:49.5 (752434523)|FATAL_ERROR|System.ListException: List index out of bounds: 0

Class.preventChangingPaymentsTest.testData: line 45, column 1
03:39:49.5 (752446050)|FATAL_ERROR|System.ListException: List index out of bounds: 0

Class.preventChangingPaymentsTest.testData: line 45, column 1
03:39:49.752 (752452517)|CUMULATIVE_LIMIT_USAGE
03:39:49.752 (752452517)|LIMIT_USAGE_FOR_NS|(default)|
  Number of SOQL queries: 1 out of 100
  Number of query rows: 0 out of 50000
  Number of SOSL queries: 0 out of 20
  Number of DML statements: 4 out of 150
  Number of Publish Immediate DML: 0 out of 150
  Number of DML rows: 4 out of 10000
  Maximum CPU time: 0 out of 10000
  Maximum heap size: 0 out of 6000000
  Number of callouts: 0 out of 100
  Number of Email Invocations: 0 out of 10
  Number of future calls: 0 out of 50
  Number of queueable jobs added to the queue: 0 out of 50
  Number of Mobile Apex push calls: 0 out of 10

03:39:49.752 (752452517)|CUMULATIVE_LIMIT_USAGE_END

03:39:49.5 (752494106)|CODE_UNIT_FINISHED|preventChangingPaymentsTest.testData()
03:39:49.5 (752503207)|EXECUTION_FINISHED
03:39:49.786 (786626961)|USER_INFO|[EXTERNAL]|005gL000004tq0U|ajayp9402351@agentforce.com|(GMT+05:30) India Standard Time (Asia/Kolkata)|GMT+05:30
03:39:49.786 (786722401)|EXECUTION_STARTED
03:39:49.786 (786773082)|CODE_UNIT_STARTED|[EXTERNAL]|DuplicateDetector
03:39:49.786 (786793793)|DUPLICATE_DETECTION_BEGIN
03:39:49.786 (786906689)|DUPLICATE_DETECTION_RULE_INVOCATION|DuplicateRuleId:0BmgL000002T1Iw|DuplicateRuleName:Standard Contact Duplicate Rule|DmlType:INSERT
03:39:49.786 (797148068)|DUPLICATE_DETECTION_END
03:39:49.786 (797166607)|CODE_UNIT_FINISHED|DuplicateDetector
03:39:49.786 (797190128)|EXECUTION_FINISHED
